android/app/build/intermediates/manifest_merge_blame_file/release/processReleaseMainManifest/manifest-merger-blame-release-report.txt
1<?xml version="1.0" encoding="utf-8"?>
2<!--
3    Copyright 2019 Google Inc. All Rights Reserved.
4
5     Licensed under the Apache License, Version 2.0 (the "License");
6     you may not use this file except in compliance with the License.
7     You may obtain a copy of the License at
8
9         http://www.apache.org/licenses/LICENSE-2.0
10
11     Unless required by applicable law or agreed to in writing, software
12     distributed under the License is distributed on an "AS IS" BASIS,
13     WITHOUT WARRANTIES OR CONDITIONS OF ANY KIND, either express or implied.
14     See the License for the specific language governing permissions and
15     limitations under the License.
16-->
17<!--
18 The "package" attribute is rewritten by the Gradle build with the value of applicationId.
19     It is still required here, as it is used to derive paths, for instance when referring
20     to an Activity by ".MyActivity" instead of the full name. If more Activities are added to the
21     application, the package attribute will need to reflect the correct path in order to use
22     the abbreviated format.
23-->
24<manifest xmlns:android="http://schemas.android.com/apk/res/android"
25    package="com.ahmadna.absensipkl"
26    android:versionCode="4"
27    android:versionName="2" >
28
29    <uses-sdk
30        android:minSdkVersion="21"
31        android:targetSdkVersion="35" />
32
33    <uses-permission android:name="android.permission.ACCESS_FINE_LOCATION" />
33-->[com.google.androidbrowserhelper:locationdelegation:1.1.2] AndroidManifest.xml:7:5-79
33-->[com.google.androidbrowserhelper:locationdelegation:1.1.2] AndroidManifest.xml:7:22-76
34    <uses-permission android:name="android.permission.ACCESS_COARSE_LOCATION" />
34-->[com.google.androidbrowserhelper:locationdelegation:1.1.2] AndroidManifest.xml:8:5-81
34-->[com.google.androidbrowserhelper:locationdelegation:1.1.2] AndroidManifest.xml:8:22-78
35
36    <queries>
36-->[com.google.androidbrowserhelper:androidbrowserhelper:2.6.2] AndroidManifest.xml:22:5-30:15
37        <intent>
37-->[com.google.androidbrowserhelper:androidbrowserhelper:2.6.2] AndroidManifest.xml:23:9-29:18
38            <action android:name="android.intent.action.VIEW" />
38-->src\main\AndroidManifest.xml:142:17-68
38-->src\main\AndroidManifest.xml:142:25-66
39
40            <category android:name="android.intent.category.BROWSABLE" />
40-->src\main\AndroidManifest.xml:144:17-77
40-->src\main\AndroidManifest.xml:144:27-75
41
42            <data android:scheme="https" />
42-->src\main\AndroidManifest.xml:145:17-148:19
42-->src\main\AndroidManifest.xml:145:23-45
43        </intent>
44    </queries>
45
46    <permission
46-->[androidx.core:core:1.13.0] AndroidManifest.xml:22:5-24:47
47        android:name="com.ahmadna.absensipkl.DYNAMIC_RECEIVER_NOT_EXPORTED_PERMISSION"
47-->[androidx.core:core:1.13.0] AndroidManifest.xml:23:9-81
48        android:protectionLevel="signature" />
48-->[androidx.core:core:1.13.0] AndroidManifest.xml:24:9-44
49
50    <uses-permission android:name="com.ahmadna.absensipkl.DYNAMIC_RECEIVER_NOT_EXPORTED_PERMISSION" />
50-->[androidx.core:core:1.13.0] AndroidManifest.xml:26:5-97
50-->[androidx.core:core:1.13.0] AndroidManifest.xml:26:22-94
51
52    <application
52-->src\main\AndroidManifest.xml:33:5-190:19
53        android:name="com.ahmadna.absensipkl.Application"
53-->src\main\AndroidManifest.xml:34:9-35
54        android:allowBackup="true"
54-->src\main\AndroidManifest.xml:35:9-35
55        android:appComponentFactory="androidx.core.app.CoreComponentFactory"
55-->[androidx.core:core:1.13.0] AndroidManifest.xml:28:18-86
56        android:extractNativeLibs="true"
57        android:icon="@mipmap/ic_launcher"
57-->src\main\AndroidManifest.xml:36:9-43
58        android:label="@string/appName"
58-->src\main\AndroidManifest.xml:37:9-40
59        android:manageSpaceActivity="com.google.androidbrowserhelper.trusted.ManageDataLauncherActivity"
59-->src\main\AndroidManifest.xml:39:9-105
60        android:supportsRtl="true"
60-->src\main\AndroidManifest.xml:41:9-35
61        android:theme="@android:style/Theme.Translucent.NoTitleBar" >
61-->src\main\AndroidManifest.xml:42:9-68
62        <meta-data
62-->src\main\AndroidManifest.xml:44:9-46:58
63            android:name="asset_statements"
63-->src\main\AndroidManifest.xml:45:13-44
64            android:resource="@string/assetStatements" />
64-->src\main\AndroidManifest.xml:46:13-55
65        <meta-data
65-->src\main\AndroidManifest.xml:50:9-52:52
66            android:name="twa_generator"
66-->src\main\AndroidManifest.xml:51:13-41
67            android:value="@string/generatorApp" />
67-->src\main\AndroidManifest.xml:52:13-49
68
69        <activity
69-->src\main\AndroidManifest.xml:59:13-70:24
70            android:name="com.google.androidbrowserhelper.trusted.ManageDataLauncherActivity"
70-->src\main\AndroidManifest.xml:59:23-104
71            android:enabled="true"
71-->src\main\AndroidManifest.xml:61:17-39
72            android:excludeFromRecents="true"
72-->src\main\AndroidManifest.xml:62:17-50
73            android:exported="false" >
73-->src\main\AndroidManifest.xml:60:17-41
74            <meta-data
74-->src\main\AndroidManifest.xml:63:17-65:57
75                android:name="android.support.customtabs.trusted.MANAGE_SPACE_URL"
75-->src\main\AndroidManifest.xml:64:21-87
76                android:value="@string/launchUrl" />
76-->src\main\AndroidManifest.xml:65:21-54
77
78            <intent-filter>
78-->src\main\AndroidManifest.xml:66:17-69:33
79                <action android:name="android.intent.action.APPLICATION_PREFERENCES" />
79-->src\main\AndroidManifest.xml:67:21-92
79-->src\main\AndroidManifest.xml:67:29-89
80
81                <category android:name="android.intent.category.DEFAULT" />
81-->src\main\AndroidManifest.xml:68:21-80
81-->src\main\AndroidManifest.xml:68:31-77
82            </intent-filter>
83        </activity>
84        <activity
84-->src\main\AndroidManifest.xml:73:9-154:20
85            android:name="com.ahmadna.absensipkl.LauncherActivity"
85-->src\main\AndroidManifest.xml:73:19-50
86            android:alwaysRetainTaskState="true"
86-->src\main\AndroidManifest.xml:74:13-49
87            android:exported="true"
87-->src\main\AndroidManifest.xml:76:13-36
88            android:label="@string/launcherName" >
88-->src\main\AndroidManifest.xml:75:13-49
89            <meta-data
89-->src\main\AndroidManifest.xml:77:13-78:53
90                android:name="android.support.customtabs.trusted.DEFAULT_URL"
90-->src\main\AndroidManifest.xml:77:24-85
91                android:value="@string/launchUrl" />
91-->src\main\AndroidManifest.xml:78:17-50
92            <meta-data
92-->src\main\AndroidManifest.xml:80:13-82:58
93                android:name="android.support.customtabs.trusted.STATUS_BAR_COLOR"
93-->src\main\AndroidManifest.xml:81:17-83
94                android:resource="@color/colorPrimary" />
94-->src\main\AndroidManifest.xml:82:17-55
95            <meta-data
95-->src\main\AndroidManifest.xml:86:13-88:62
96                android:name="android.support.customtabs.trusted.STATUS_BAR_COLOR_DARK"
96-->src\main\AndroidManifest.xml:87:17-88
97                android:resource="@color/colorPrimaryDark" />
97-->src\main\AndroidManifest.xml:88:17-59
98            <meta-data
98-->src\main\AndroidManifest.xml:90:13-92:61
99                android:name="android.support.customtabs.trusted.NAVIGATION_BAR_COLOR"
99-->src\main\AndroidManifest.xml:91:17-87
100                android:resource="@color/navigationColor" />
100-->src\main\AndroidManifest.xml:92:17-58
101            <meta-data
101-->src\main\AndroidManifest.xml:94:13-96:65
102                android:name="android.support.customtabs.trusted.NAVIGATION_BAR_COLOR_DARK"
102-->src\main\AndroidManifest.xml:95:17-92
103                android:resource="@color/navigationColorDark" />
103-->src\main\AndroidManifest.xml:96:17-62
104            <meta-data
104-->src\main\AndroidManifest.xml:98:13-100:68
105                android:name="androix.browser.trusted.NAVIGATION_BAR_DIVIDER_COLOR"
105-->src\main\AndroidManifest.xml:99:17-84
106                android:resource="@color/navigationDividerColor" />
106-->src\main\AndroidManifest.xml:100:17-65
107            <meta-data
107-->src\main\AndroidManifest.xml:102:13-104:72
108                android:name="androix.browser.trusted.NAVIGATION_BAR_DIVIDER_COLOR_DARK"
108-->src\main\AndroidManifest.xml:103:17-89
109                android:resource="@color/navigationDividerColorDark" />
109-->src\main\AndroidManifest.xml:104:17-69
110            <meta-data
110-->src\main\AndroidManifest.xml:106:13-107:54
111                android:name="android.support.customtabs.trusted.SPLASH_IMAGE_DRAWABLE"
111-->src\main\AndroidManifest.xml:106:24-95
112                android:resource="@drawable/splash" />
112-->src\main\AndroidManifest.xml:107:17-52
113            <meta-data
113-->src\main\AndroidManifest.xml:109:13-110:60
114                android:name="android.support.customtabs.trusted.SPLASH_SCREEN_BACKGROUND_COLOR"
114-->src\main\AndroidManifest.xml:109:24-104
115                android:resource="@color/backgroundColor" />
115-->src\main\AndroidManifest.xml:110:17-58
116            <meta-data
116-->src\main\AndroidManifest.xml:112:13-113:71
117                android:name="android.support.customtabs.trusted.SPLASH_SCREEN_FADE_OUT_DURATION"
117-->src\main\AndroidManifest.xml:112:24-105
118                android:value="@integer/splashScreenFadeOutDuration" />
118-->src\main\AndroidManifest.xml:113:17-69
119            <meta-data
119-->src\main\AndroidManifest.xml:115:13-116:60
120                android:name="android.support.customtabs.trusted.FILE_PROVIDER_AUTHORITY"
120-->src\main\AndroidManifest.xml:115:24-97
121                android:value="@string/providerAuthority" />
121-->src\main\AndroidManifest.xml:116:17-58
122            <meta-data
122-->src\main\AndroidManifest.xml:118:13-97
123                android:name="android.app.shortcuts"
123-->src\main\AndroidManifest.xml:118:24-60
124                android:resource="@xml/shortcuts" />
124-->src\main\AndroidManifest.xml:118:61-94
125            <meta-data
125-->src\main\AndroidManifest.xml:120:13-121:56
126                android:name="android.support.customtabs.trusted.FALLBACK_STRATEGY"
126-->src\main\AndroidManifest.xml:120:24-91
127                android:value="@string/fallbackType" />
127-->src\main\AndroidManifest.xml:121:17-53
128            <meta-data
128-->src\main\AndroidManifest.xml:127:13-128:54
129                android:name="android.support.customtabs.trusted.SCREEN_ORIENTATION"
129-->src\main\AndroidManifest.xml:127:24-92
130                android:value="@string/orientation" />
130-->src\main\AndroidManifest.xml:128:17-52
131
132            <intent-filter>
132-->src\main\AndroidManifest.xml:136:13-139:29
133                <action android:name="android.intent.action.MAIN" />
133-->src\main\AndroidManifest.xml:137:17-69
133-->src\main\AndroidManifest.xml:137:25-66
134
135                <category android:name="android.intent.category.LAUNCHER" />
135-->src\main\AndroidManifest.xml:138:17-77
135-->src\main\AndroidManifest.xml:138:27-74
136            </intent-filter>
137            <intent-filter android:autoVerify="true" >
137-->src\main\AndroidManifest.xml:141:13-149:29
137-->src\main\AndroidManifest.xml:141:28-53
138                <action android:name="android.intent.action.VIEW" />
138-->src\main\AndroidManifest.xml:142:17-68
138-->src\main\AndroidManifest.xml:142:25-66
139
140                <category android:name="android.intent.category.DEFAULT" />
140-->src\main\AndroidManifest.xml:68:21-80
140-->src\main\AndroidManifest.xml:68:31-77
141                <category android:name="android.intent.category.BROWSABLE" />
141-->src\main\AndroidManifest.xml:144:17-77
141-->src\main\AndroidManifest.xml:144:27-75
142
143                <data
143-->src\main\AndroidManifest.xml:145:17-148:19
144                    android:host="@string/hostName"
144-->src\main\AndroidManifest.xml:146:21-52
145                    android:scheme="https" />
145-->src\main\AndroidManifest.xml:145:23-45
146            </intent-filter>
147        </activity>
148        <activity android:name="com.google.androidbrowserhelper.trusted.FocusActivity" />
148-->src\main\AndroidManifest.xml:156:9-90
148-->src\main\AndroidManifest.xml:156:19-87
149        <activity
149-->src\main\AndroidManifest.xml:158:9-159:62
150            android:name="com.google.androidbrowserhelper.trusted.WebViewFallbackActivity"
150-->src\main\AndroidManifest.xml:158:19-97
151            android:configChanges="orientation|screenSize" />
151-->src\main\AndroidManifest.xml:159:13-59
152
153        <provider
153-->src\main\AndroidManifest.xml:161:9-169:20
154            android:name="androidx.core.content.FileProvider"
154-->src\main\AndroidManifest.xml:162:13-62
155            android:authorities="@string/providerAuthority"
155-->src\main\AndroidManifest.xml:163:13-60
156            android:exported="false"
156-->src\main\AndroidManifest.xml:165:13-37
157            android:grantUriPermissions="true" >
157-->src\main\AndroidManifest.xml:164:13-47
158            <meta-data
158-->src\main\AndroidManifest.xml:166:13-168:53
159                android:name="android.support.FILE_PROVIDER_PATHS"
159-->src\main\AndroidManifest.xml:167:17-67
160                android:resource="@xml/filepaths" />
160-->src\main\AndroidManifest.xml:168:17-50
161        </provider>
162
163        <service
163-->src\main\AndroidManifest.xml:171:9-182:19
164            android:name="com.ahmadna.absensipkl.DelegationService"
164-->src\main\AndroidManifest.xml:172:13-46
165            android:enabled="@bool/enableNotification"
165-->src\main\AndroidManifest.xml:173:13-55
166            android:exported="@bool/enableNotification" >
166-->src\main\AndroidManifest.xml:174:13-56
167            <intent-filter>
167-->src\main\AndroidManifest.xml:178:13-181:29
168                <action android:name="android.support.customtabs.trusted.TRUSTED_WEB_ACTIVITY_SERVICE" />
168-->src\main\AndroidManifest.xml:179:17-105
168-->src\main\AndroidManifest.xml:179:25-103
169
170                <category android:name="android.intent.category.DEFAULT" />
170-->src\main\AndroidManifest.xml:68:21-80
170-->src\main\AndroidManifest.xml:68:31-77
171            </intent-filter>
172        </service>
173
174        <activity android:name="com.google.androidbrowserhelper.locationdelegation.PermissionRequestActivity" />
174-->src\main\AndroidManifest.xml:187:13-188:89
174-->src\main\AndroidManifest.xml:187:23-123
175        <activity
175-->[com.google.android.gms:play-services-base:18.1.0] AndroidManifest.xml:20:9-22:45
176            android:name="com.google.android.gms.common.api.GoogleApiActivity"
176-->[com.google.android.gms:play-services-base:18.1.0] AndroidManifest.xml:20:19-85
177            android:exported="false"
177-->[com.google.android.gms:play-services-base:18.1.0] AndroidManifest.xml:22:19-43
178            android:theme="@android:style/Theme.Translucent.NoTitleBar" />
178-->[com.google.android.gms:play-services-base:18.1.0] AndroidManifest.xml:21:19-78
179
180        <meta-data
180-->[com.google.android.gms:play-services-basement:18.1.0] AndroidManifest.xml:21:9-23:69
181            android:name="com.google.android.gms.version"
181-->[com.google.android.gms:play-services-basement:18.1.0] AndroidManifest.xml:22:13-58
182            android:value="@integer/google_play_services_version" />
182-->[com.google.android.gms:play-services-basement:18.1.0] AndroidManifest.xml:23:13-66
183
184        <provider
184-->[androidx.emoji2:emoji2:1.3.0] AndroidManifest.xml:24:9-32:20
185            android:name="androidx.startup.InitializationProvider"
185-->[androidx.emoji2:emoji2:1.3.0] AndroidManifest.xml:25:13-67
186            android:authorities="com.ahmadna.absensipkl.androidx-startup"
186-->[androidx.emoji2:emoji2:1.3.0] AndroidManifest.xml:26:13-68
187            android:exported="false" >
187-->[androidx.emoji2:emoji2:1.3.0] AndroidManifest.xml:27:13-37
188            <meta-data
188-->[androidx.emoji2:emoji2:1.3.0] AndroidManifest.xml:29:13-31:52
189                android:name="androidx.emoji2.text.EmojiCompatInitializer"
189-->[androidx.emoji2:emoji2:1.3.0] AndroidManifest.xml:30:17-75
190                android:value="androidx.startup" />
190-->[androidx.emoji2:emoji2:1.3.0] AndroidManifest.xml:31:17-49
191            <meta-data
191-->[androidx.lifecycle:lifecycle-process:2.6.2] AndroidManifest.xml:29:13-31:52
192                android:name="androidx.lifecycle.ProcessLifecycleInitializer"
192-->[androidx.lifecycle:lifecycle-process:2.6.2] AndroidManifest.xml:30:17-78
193                android:value="androidx.startup" />
193-->[androidx.lifecycle:lifecycle-process:2.6.2] AndroidManifest.xml:31:17-49
194            <meta-data
194-->[androidx.profileinstaller:profileinstaller:1.3.1] AndroidManifest.xml:29:13-31:52
195                android:name="androidx.profileinstaller.ProfileInstallerInitializer"
195-->[androidx.profileinstaller:profileinstaller:1.3.1] AndroidManifest.xml:30:17-85
196                android:value="androidx.startup" />
196-->[androidx.profileinstaller:profileinstaller:1.3.1] AndroidManifest.xml:31:17-49
197        </provider>
198
199        <receiver
199-->[androidx.profileinstaller:profileinstaller:1.3.1] AndroidManifest.xml:34:9-52:20
200            android:name="androidx.profileinstaller.ProfileInstallReceiver"
200-->[androidx.profileinstaller:profileinstaller:1.3.1] AndroidManifest.xml:35:13-76
201            android:directBootAware="false"
201-->[androidx.profileinstaller:profileinstaller:1.3.1] AndroidManifest.xml:36:13-44
202            android:enabled="true"
202-->[androidx.profileinstaller:profileinstaller:1.3.1] AndroidManifest.xml:37:13-35
203            android:exported="true"
203-->[androidx.profileinstaller:profileinstaller:1.3.1] AndroidManifest.xml:38:13-36
204            android:permission="android.permission.DUMP" >
204-->[androidx.profileinstaller:profileinstaller:1.3.1] AndroidManifest.xml:39:13-57
205            <intent-filter>
205-->[androidx.profileinstaller:profileinstaller:1.3.1] AndroidManifest.xml:40:13-42:29
206                <action android:name="androidx.profileinstaller.action.INSTALL_PROFILE" />
206-->[androidx.profileinstaller:profileinstaller:1.3.1] AndroidManifest.xml:41:17-91
206-->[androidx.profileinstaller:profileinstaller:1.3.1] AndroidManifest.xml:41:25-88
207            </intent-filter>
208            <intent-filter>
208-->[androidx.profileinstaller:profileinstaller:1.3.1] AndroidManifest.xml:43:13-45:29
209                <action android:name="androidx.profileinstaller.action.SKIP_FILE" />
209-->[androidx.profileinstaller:profileinstaller:1.3.1] AndroidManifest.xml:44:17-85
209-->[androidx.profileinstaller:profileinstaller:1.3.1] AndroidManifest.xml:44:25-82
210            </intent-filter>
211            <intent-filter>
211-->[androidx.profileinstaller:profileinstaller:1.3.1] AndroidManifest.xml:46:13-48:29
212                <action android:name="androidx.profileinstaller.action.SAVE_PROFILE" />
212-->[androidx.profileinstaller:profileinstaller:1.3.1] AndroidManifest.xml:47:17-88
212-->[androidx.profileinstaller:profileinstaller:1.3.1] AndroidManifest.xml:47:25-85
213            </intent-filter>
214            <intent-filter>
214-->[androidx.profileinstaller:profileinstaller:1.3.1] AndroidManifest.xml:49:13-51:29
215                <action android:name="androidx.profileinstaller.action.BENCHMARK_OPERATION" />
215-->[androidx.profileinstaller:profileinstaller:1.3.1] AndroidManifest.xml:50:17-95
215-->[androidx.profileinstaller:profileinstaller:1.3.1] AndroidManifest.xml:50:25-92
216            </intent-filter>
217        </receiver>
218    </application>
219
220</manifest>